<?xml version="1.0" encoding="UTF-8"?>
<!-- Generated by org.testng.reporters.JUnitReportReporter -->
<testsuite hostname="Shibanshu-PC" name="com.Maven_Demo1.TestDriver.Login_Driver" tests="1" failures="0" timestamp="30 Aug 2016 04:40:26 GMT" time="18.811" errors="0">
  <testcase name="myLogin" time="18.811" classname="com.Maven_Demo1.TestDriver.Login_Driver"/>
</testsuite> <!-- com.Maven_Demo1.TestDriver.Login_Driver -->
