<?xml version="1.0" encoding="UTF-8"?>
<!-- Generated by org.testng.reporters.JUnitReportReporter -->
<testsuite hostname="Shibanshu-PC" name="com.Maven_Demo1.TestDriver.Login_Driver" tests="1" failures="0" timestamp="10 Apr 2021 06:01:02 GMT" time="67.824" errors="0">
  <testcase name="myLogin" time="67.824" classname="com.Maven_Demo1.TestDriver.Login_Driver"/>
</testsuite> <!-- com.Maven_Demo1.TestDriver.Login_Driver -->
